<?xml version="1.0" encoding="UTF-8"?>
<!-- Generated by org.testng.reporters.JUnitXMLReporter -->
<testsuite ignored="0" hostname="DESKTOP-KDB7KI9" failures="0" tests="8" name="Test" time="0.638" errors="0" timestamp="2024-01-10T12:32:42 IST">
  <testcase classname="Second_Script.Login_Page" name="ResetPassword" time="0.202"/>
  <testcase classname="Second_Script.Login_Page" name="ValidPassword" time="0.006"/>
  <testcase classname="Second_Script.Login_Page" name="username" time="0.017"/>
  <testcase classname="Third_Script.Home_Page" name="Electronic_Product" time="0.008"/>
  <testcase classname="Third_Script.Home_Page" name="ValidateImage" time="0.01"/>
  <testcase classname="First_Script.Regestration_Page" name="ValidEmailId" time="0.009"/>
  <testcase classname="First_Script.Regestration_Page" name="ValidMobileNo" time="0.011"/>
  <testcase classname="First_Script.Regestration_Page" name="Valid_Name" time="0.011"/>
</testsuite> <!-- Test -->
