<?xml version="1.0" encoding="UTF-8"?>
<testng-results ignored="0" total="6" passed="6" failed="0" skipped="0">
  <reporter-output>
  </reporter-output>
  <suite started-at="2024-01-10T19:11:53 IST" name="Suite" finished-at="2024-01-10T19:11:53 IST" duration-ms="493">
    <groups>
    </groups>
    <test started-at="2024-01-10T19:11:53 IST" name="Test" finished-at="2024-01-10T19:11:53 IST" duration-ms="493">
      <class name="First_Script.Regestration_Page">
        <test-method signature="ValidEmailId()[pri:0, instance:First_Script.Regestration_Page@20140db9]" started-at="2024-01-10T19:11:53 IST" name="ValidEmailId" finished-at="2024-01-10T19:11:53 IST" duration-ms="226" status="PASS">
          <reporter-output>
          </reporter-output>
        </test-method> <!-- ValidEmailId -->
        <test-method signature="ValidMobileNo()[pri:0, instance:First_Script.Regestration_Page@20140db9]" started-at="2024-01-10T19:11:53 IST" name="ValidMobileNo" finished-at="2024-01-10T19:11:53 IST" duration-ms="3" status="PASS">
          <reporter-output>
          </reporter-output>
        </test-method> <!-- ValidMobileNo -->
        <test-method signature="Valid_Name()[pri:0, instance:First_Script.Regestration_Page@20140db9]" started-at="2024-01-10T19:11:53 IST" name="Valid_Name" finished-at="2024-01-10T19:11:53 IST" duration-ms="4" status="PASS">
          <reporter-output>
          </reporter-output>
        </test-method> <!-- Valid_Name -->
      </class> <!-- First_Script.Regestration_Page -->
    </test> <!-- Test -->
  </suite> <!-- Suite -->
  <suite started-at="2024-01-10T19:11:53 IST" name="Suite (0)" finished-at="2024-01-10T19:11:53 IST" duration-ms="44">
    <groups>
    </groups>
    <test started-at="2024-01-10T19:11:53 IST" name="Test" finished-at="2024-01-10T19:11:53 IST" duration-ms="44">
      <class name="Second_Script.Login_Page">
        <test-method signature="ResetPassword()[pri:0, instance:Second_Script.Login_Page@79e4c792]" started-at="2024-01-10T19:11:53 IST" name="ResetPassword" finished-at="2024-01-10T19:11:53 IST" duration-ms="8" status="PASS">
          <reporter-output>
          </reporter-output>
        </test-method> <!-- ResetPassword -->
        <test-method signature="ValidPassword()[pri:0, instance:Second_Script.Login_Page@79e4c792]" started-at="2024-01-10T19:11:53 IST" name="ValidPassword" finished-at="2024-01-10T19:11:53 IST" duration-ms="11" status="PASS">
          <reporter-output>
          </reporter-output>
        </test-method> <!-- ValidPassword -->
        <test-method signature="username()[pri:0, instance:Second_Script.Login_Page@79e4c792]" started-at="2024-01-10T19:11:53 IST" name="username" finished-at="2024-01-10T19:11:53 IST" duration-ms="8" status="PASS">
          <reporter-output>
          </reporter-output>
        </test-method> <!-- username -->
      </class> <!-- Second_Script.Login_Page -->
    </test> <!-- Test -->
  </suite> <!-- Suite (0) -->
  <suite started-at="2024-01-10T19:11:54 IST" name="Master Suite" finished-at="2024-01-10T19:11:54 IST" duration-ms="0">
    <groups>
    </groups>
  </suite> <!-- Master Suite -->
</testng-results>
