<?xml version="1.0" encoding="UTF-8"?>
<!-- Generated by org.testng.reporters.JUnitXMLReporter -->
<testsuite ignored="0" hostname="DESKTOP-KDB7KI9" failures="0" tests="3" name="Test" time="0.044" errors="0" timestamp="2024-01-10T19:11:53 IST">
  <testcase classname="Second_Script.Login_Page" name="ResetPassword" time="0.008"/>
  <testcase classname="Second_Script.Login_Page" name="ValidPassword" time="0.011"/>
  <testcase classname="Second_Script.Login_Page" name="username" time="0.008"/>
</testsuite> <!-- Test -->
