<?xml version="1.0" encoding="UTF-8"?>
<testng-results ignored="0" total="8" passed="8" failed="0" skipped="0">
  <reporter-output>
  </reporter-output>
  <suite started-at="2024-01-10T12:32:42 IST" name="Suite" finished-at="2024-01-10T12:32:42 IST" duration-ms="638">
    <groups>
    </groups>
    <test started-at="2024-01-10T12:32:42 IST" name="Test" finished-at="2024-01-10T12:32:42 IST" duration-ms="638">
      <class name="Third_Script.Home_Page">
        <test-method signature="Electronic_Product()[pri:0, instance:Third_Script.Home_Page@4007f65e]" started-at="2024-01-10T12:32:42 IST" name="Electronic_Product" finished-at="2024-01-10T12:32:42 IST" duration-ms="8" status="PASS">
          <reporter-output>
          </reporter-output>
        </test-method> <!-- Electronic_Product -->
        <test-method signature="ValidateImage()[pri:0, instance:Third_Script.Home_Page@4007f65e]" started-at="2024-01-10T12:32:42 IST" name="ValidateImage" finished-at="2024-01-10T12:32:42 IST" duration-ms="10" status="PASS">
          <reporter-output>
          </reporter-output>
        </test-method> <!-- ValidateImage -->
      </class> <!-- Third_Script.Home_Page -->
      <class name="First_Script.Regestration_Page">
        <test-method signature="ValidEmailId()[pri:0, instance:First_Script.Regestration_Page@1a245833]" started-at="2024-01-10T12:32:42 IST" name="ValidEmailId" finished-at="2024-01-10T12:32:42 IST" duration-ms="9" status="PASS">
          <reporter-output>
          </reporter-output>
        </test-method> <!-- ValidEmailId -->
        <test-method signature="ValidMobileNo()[pri:0, instance:First_Script.Regestration_Page@1a245833]" started-at="2024-01-10T12:32:42 IST" name="ValidMobileNo" finished-at="2024-01-10T12:32:42 IST" duration-ms="11" status="PASS">
          <reporter-output>
          </reporter-output>
        </test-method> <!-- ValidMobileNo -->
        <test-method signature="Valid_Name()[pri:0, instance:First_Script.Regestration_Page@1a245833]" started-at="2024-01-10T12:32:42 IST" name="Valid_Name" finished-at="2024-01-10T12:32:42 IST" duration-ms="11" status="PASS">
          <reporter-output>
          </reporter-output>
        </test-method> <!-- Valid_Name -->
      </class> <!-- First_Script.Regestration_Page -->
      <class name="Second_Script.Login_Page">
        <test-method signature="ResetPassword()[pri:0, instance:Second_Script.Login_Page@4bdeaabb]" started-at="2024-01-10T12:32:42 IST" name="ResetPassword" finished-at="2024-01-10T12:32:42 IST" duration-ms="202" status="PASS">
          <reporter-output>
          </reporter-output>
        </test-method> <!-- ResetPassword -->
        <test-method signature="ValidPassword()[pri:0, instance:Second_Script.Login_Page@4bdeaabb]" started-at="2024-01-10T12:32:42 IST" name="ValidPassword" finished-at="2024-01-10T12:32:42 IST" duration-ms="6" status="PASS">
          <reporter-output>
          </reporter-output>
        </test-method> <!-- ValidPassword -->
        <test-method signature="username()[pri:0, instance:Second_Script.Login_Page@4bdeaabb]" started-at="2024-01-10T12:32:42 IST" name="username" finished-at="2024-01-10T12:32:42 IST" duration-ms="17" status="PASS">
          <reporter-output>
          </reporter-output>
        </test-method> <!-- username -->
      </class> <!-- Second_Script.Login_Page -->
    </test> <!-- Test -->
  </suite> <!-- Suite -->
</testng-results>
